<?xml version="1.0" encoding="UTF-8"?>
<testsuite name="com.griffgym.application.GetPersonalRecordsUseCaseTest" tests="4" skipped="0" failures="0" errors="0" timestamp="2026-08-26T10:01:41.857Z" hostname="IN-LAP-143.local" time="0.006">
  <properties/>
  <testcase name="accessory work never becomes a record" classname="com.griffgym.application.GetPersonalRecordsUseCaseTest" time="0.004"/>
  <testcase name="a lifter with no history has no records" classname="com.griffgym.application.GetPersonalRecordsUseCaseTest" time="0.001"/>
  <testcase name="keeps the heaviest genuine single and the best estimate apart" classname="com.griffgym.application.GetPersonalRecordsUseCaseTest" time="0.001"/>
  <testcase name="unticked sets do not count" classname="com.griffgym.application.GetPersonalRecordsUseCaseTest" time="0.0"/>
  <system-out><![CDATA[]]></system-out>
  <system-err><![CDATA[]]></system-err>
</testsuite>
