<?xml version="1.0" encoding="UTF-8"?>
<testsuite name="com.griffgym.application.CalculateEstimated1RmUseCaseTest" tests="4" skipped="0" failures="0" errors="0" timestamp="2026-08-26T10:01:41.793Z" hostname="IN-LAP-143.local" time="0.005">
  <properties/>
  <testcase name="a single returns the weight that was lifted" classname="com.griffgym.application.CalculateEstimated1RmUseCaseTest" time="0.001"/>
  <testcase name="accepts decimal input typed with a comma" classname="com.griffgym.application.CalculateEstimated1RmUseCaseTest" time="0.004"/>
  <testcase name="rejects input that is not a weight" classname="com.griffgym.application.CalculateEstimated1RmUseCaseTest" time="0.0"/>
  <testcase name="100 kg for five reps is about 116_67 kg" classname="com.griffgym.application.CalculateEstimated1RmUseCaseTest" time="0.0"/>
  <system-out><![CDATA[]]></system-out>
  <system-err><![CDATA[]]></system-err>
</testsuite>
