<?xml version="1.0" encoding="UTF-8"?>
<testsuite name="com.griffgym.domain.WeightTest" tests="6" skipped="0" failures="0" errors="0" timestamp="2026-08-26T10:01:41.590Z" hostname="IN-LAP-143.local" time="0.008">
  <properties/>
  <testcase name="parses the half kilograms the program is built on" classname="com.griffgym.domain.WeightTest" time="0.006"/>
  <testcase name="percentage of a max is rounded to two decimals" classname="com.griffgym.domain.WeightTest" time="0.001"/>
  <testcase name="accepts a comma as the decimal separator" classname="com.griffgym.domain.WeightTest" time="0.0"/>
  <testcase name="rejects input that is not a weight" classname="com.griffgym.domain.WeightTest" time="0.0"/>
  <testcase name="arithmetic does not accumulate floating point noise" classname="com.griffgym.domain.WeightTest" time="0.001"/>
  <testcase name="formats whole kilograms without a trailing zero" classname="com.griffgym.domain.WeightTest" time="0.0"/>
  <system-out><![CDATA[]]></system-out>
  <system-err><![CDATA[]]></system-err>
</testsuite>
