<?xml version="1.0" encoding="UTF-8"?>
<testsuite name="com.griffgym.domain.RpeTest" tests="6" skipped="0" failures="0" errors="0" timestamp="2026-08-26T10:01:41.583Z" hostname="IN-LAP-143.local" time="0.006">
  <properties/>
  <testcase name="a target renders as a value or a range" classname="com.griffgym.domain.RpeTest" time="0.003"/>
  <testcase name="formats whole values without a decimal" classname="com.griffgym.domain.RpeTest" time="0.0"/>
  <testcase name="snaps to the nearest half step" classname="com.griffgym.domain.RpeTest" time="0.0"/>
  <testcase name="accepts the whole one to ten range" classname="com.griffgym.domain.RpeTest" time="0.0"/>
  <testcase name="rejects values outside the scale" classname="com.griffgym.domain.RpeTest" time="0.003"/>
  <testcase name="parses a comma as the decimal separator" classname="com.griffgym.domain.RpeTest" time="0.0"/>
  <system-out><![CDATA[]]></system-out>
  <system-err><![CDATA[]]></system-err>
</testsuite>
