<?xml version="1.0" encoding="UTF-8"?>
<testsuite name="com.griffgym.domain.OneRepMaxCalculatorTest" tests="5" skipped="0" failures="0" errors="0" timestamp="2026-08-26T10:01:41.581Z" hostname="IN-LAP-143.local" time="0.002">
  <properties/>
  <testcase name="flags estimates past ten reps as unreliable" classname="com.griffgym.domain.OneRepMaxCalculatorTest" time="0.001"/>
  <testcase name="has nothing to estimate from zero reps or zero load" classname="com.griffgym.domain.OneRepMaxCalculatorTest" time="0.0"/>
  <testcase name="a single is already a true max and is returned untouched" classname="com.griffgym.domain.OneRepMaxCalculatorTest" time="0.0"/>
  <testcase name="100 kg for five reps estimates about 116_67 kg" classname="com.griffgym.domain.OneRepMaxCalculatorTest" time="0.0"/>
  <testcase name="keeps the set it was derived from" classname="com.griffgym.domain.OneRepMaxCalculatorTest" time="0.0"/>
  <system-out><![CDATA[]]></system-out>
  <system-err><![CDATA[]]></system-err>
</testsuite>
